Starting Impala Shell without Kerberos authentication
Connected to cp-2.cloudera-test5.rdmaresearch-pg0.wisc.cloudlab.us:21000
Server version: impalad version 2.12.0-cdh5.16.1 RELEASE (build 4a3775ef6781301af81b23bca45a9faeca5e761d)
Query: use `tpch500g_parquet`
Query: select c_custkey,
 c_name,
 sum(l_extendedprice * (1 - l_discount)) as revenue,
 c_acctbal,
 n_name,
 c_address,
 c_phone,
 c_comment
from
 customer,
 orders,
 lineitem,
 nation
where
 c_custkey = o_custkey
 and l_orderkey = o_orderkey
 and o_orderdate >= '1993-02-01'
 and o_orderdate < '1993-05-01'
 and l_returnflag = 'R'
 and c_nationkey = n_nationkey
group by
 c_custkey,
 c_name,
 c_acctbal,
 c_phone,
 n_name,
 c_address,
 c_comment
order by
 revenue desc
limit 20
Query submitted at: 2019-03-04 13:23:31 (Coordinator: http://cp-2.cloudera-test5.rdmaresearch-pg0.wisc.cloudlab.us:25000)
Query progress can be monitored at: http://cp-2.cloudera-test5.rdmaresearch-pg0.wisc.cloudlab.us:25000/query_plan?query_id=7844b87cdba9c5b4:a588acf800000000
